<?xml version="1.0" encoding="UTF-8"?>
<testsuite xmlns:xsi="http://www.w3.org/2001/XMLSchema-instance" xsi:schemaLocation="https://maven.apache.org/surefire/maven-surefire-plugin/xsd/surefire-test-report.xsd" name="pl.polsl.michaltetych.test.TestClass" time="0.087" tests="6" errors="0" skipped="0" failures="0">
  <properties>
[...]
</properties>
  <testcase name="encryptTest1" classname="pl.polsl.michaltetych.test.TestClass" time="0.022"/>
  <testcase name="encryptTest2" classname="pl.polsl.michaltetych.test.TestClass" time="0.001"/>
  <testcase name="test{String, String, String}[1]" classname="pl.polsl.michaltetych.test.TestClass" time="0.014"/>
  <testcase name="test{String, String, String}[2]" classname="pl.polsl.michaltetych.test.TestClass" time="0.001"/>
  <testcase name="decryptTest1" classname="pl.polsl.michaltetych.test.TestClass" time="0.001"/>
  <testcase name="decryptTest2" classname="pl.polsl.michaltetych.test.TestClass" time="0.001"/>
</testsuite>