<?xml version="1.0" encoding="UTF-8"?>
<testsuite xmlns:xsi="http://www.w3.org/2001/XMLSchema-instance" xsi:noNamespaceSchemaLocation="https://maven.apache.org/surefire/maven-surefire-plugin/xsd/surefire-test-report.xsd" name="pl.polsl.michaltetych.test.TestClass" time="0.069" tests="2" errors="0" skipped="0" failures="0">
  <properties>
[...]
</properties>
  <testcase name="test{String, String, String}[1]" classname="pl.polsl.michaltetych.test.TestClass" time="0.027"/>
  <testcase name="test{String, String, String}[2]" classname="pl.polsl.michaltetych.test.TestClass" time="0.003"/>
</testsuite>